<?xml version="1.0" encoding="UTF-8" ?>
<testsuite tests="1" failures="0" name="kiwisaver.RunCucumberTest" time="11.402" errors="1" skipped="0">
  <properties>
    <property name="java.runtime.name" value="OpenJDK Runtime Environment"/>
    <property name="sun.boot.library.path" value="/Library/Java/JavaVirtualMachines/adoptopenjdk-8.jdk/Contents/Home/jre/lib"/>
    <property name="java.vm.version" value="25.212-b03"/>
    <property name="gopherProxySet" value="false"/>
    <property name="java.vm.vendor" value="AdoptOpenJDK"/>
    <property name="maven.multiModuleProjectDirectory" value="/Users/Modviron/Documents/workspace/westpac"/>
    <property name="java.vendor.url" value="http://java.oracle.com/"/>
    <property name="path.separator" value=":"/>
    <property name="guice.disable.misplaced.annotation.check" value="true"/>
    <property name="java.vm.name" value="OpenJDK 64-Bit Server VM"/>
    <property name="file.encoding.pkg" value="sun.io"/>
    <property name="user.country" value="NZ"/>
    <property name="sun.java.launcher" value="SUN_STANDARD"/>
    <property name="sun.os.patch.level" value="unknown"/>
    <property name="java.vm.specification.name" value="Java Virtual Machine Specification"/>
    <property name="user.dir" value="/Users/Modviron/Documents/workspace/westpac"/>
    <property name="java.runtime.version" value="1.8.0_212-b03"/>
    <property name="java.awt.graphicsenv" value="sun.awt.CGraphicsEnvironment"/>
    <property name="java.endorsed.dirs" value="/Library/Java/JavaVirtualMachines/adoptopenjdk-8.jdk/Contents/Home/jre/lib/endorsed"/>
    <property name="os.arch" value="x86_64"/>
    <property name="java.io.tmpdir" value="/var/folders/wc/j4xhcdx12nb0_pwcz7q0pkb00000gp/T/"/>
    <property name="line.separator" value="
"/>
    <property name="java.vm.specification.vendor" value="Oracle Corporation"/>
    <property name="os.name" value="Mac OS X"/>
    <property name="classworlds.conf" value="/Library/apache-maven-3.6.3/bin/m2.conf"/>
    <property name="sun.jnu.encoding" value="UTF-8"/>
    <property name="java.library.path" value="/Users/Modviron/Library/Java/Extensions:/Library/Java/Extensions:/Network/Library/Java/Extensions:/System/Library/Java/Extensions:/usr/lib/java:."/>
    <property name="maven.conf" value="/Library/apache-maven-3.6.3/conf"/>
    <property name="java.specification.name" value="Java Platform API Specification"/>
    <property name="java.class.version" value="52.0"/>
    <property name="sun.management.compiler" value="HotSpot 64-Bit Tiered Compilers"/>
    <property name="os.version" value="10.15.7"/>
    <property name="library.jansi.path" value="/Library/apache-maven-3.6.3/lib/jansi-native"/>
    <property name="http.nonProxyHosts" value="local|*.local|169.254/16|*.169.254/16"/>
    <property name="user.home" value="/Users/Modviron"/>
    <property name="user.timezone" value="Pacific/Auckland"/>
    <property name="java.awt.printerjob" value="sun.lwawt.macosx.CPrinterJob"/>
    <property name="java.specification.version" value="1.8"/>
    <property name="file.encoding" value="UTF-8"/>
    <property name="user.name" value="Modviron"/>
    <property name="java.class.path" value="/Library/apache-maven-3.6.3/boot/plexus-classworlds-2.6.0.jar"/>
    <property name="java.vm.specification.version" value="1.8"/>
    <property name="sun.arch.data.model" value="64"/>
    <property name="java.home" value="/Library/Java/JavaVirtualMachines/adoptopenjdk-8.jdk/Contents/Home/jre"/>
    <property name="sun.java.command" value="org.codehaus.plexus.classworlds.launcher.Launcher test"/>
    <property name="java.specification.vendor" value="Oracle Corporation"/>
    <property name="user.language" value="en"/>
    <property name="awt.toolkit" value="sun.lwawt.macosx.LWCToolkit"/>
    <property name="java.vm.info" value="mixed mode"/>
    <property name="java.version" value="1.8.0_212"/>
    <property name="java.ext.dirs" value="/Users/Modviron/Library/Java/Extensions:/Library/Java/JavaVirtualMachines/adoptopenjdk-8.jdk/Contents/Home/jre/lib/ext:/Library/Java/Extensions:/Network/Library/Java/Extensions:/System/Library/Java/Extensions:/usr/lib/java"/>
    <property name="sun.boot.class.path" value="/Library/Java/JavaVirtualMachines/adoptopenjdk-8.jdk/Contents/Home/jre/lib/resources.jar:/Library/Java/JavaVirtualMachines/adoptopenjdk-8.jdk/Contents/Home/jre/lib/rt.jar:/Library/Java/JavaVirtualMachines/adoptopenjdk-8.jdk/Contents/Home/jre/lib/sunrsasign.jar:/Library/Java/JavaVirtualMachines/adoptopenjdk-8.jdk/Contents/Home/jre/lib/jsse.jar:/Library/Java/JavaVirtualMachines/adoptopenjdk-8.jdk/Contents/Home/jre/lib/jce.jar:/Library/Java/JavaVirtualMachines/adoptopenjdk-8.jdk/Contents/Home/jre/lib/charsets.jar:/Library/Java/JavaVirtualMachines/adoptopenjdk-8.jdk/Contents/Home/jre/lib/jfr.jar:/Library/Java/JavaVirtualMachines/adoptopenjdk-8.jdk/Contents/Home/jre/classes"/>
    <property name="java.vendor" value="AdoptOpenJDK"/>
    <property name="maven.home" value="/Library/apache-maven-3.6.3"/>
    <property name="file.separator" value="/"/>
    <property name="java.vendor.url.bug" value="http://bugreport.sun.com/bugreport/"/>
    <property name="sun.cpu.endian" value="little"/>
    <property name="sun.io.unicode.encoding" value="UnicodeBig"/>
    <property name="socksNonProxyHosts" value="local|*.local|169.254/16|*.169.254/16"/>
    <property name="ftp.nonProxyHosts" value="local|*.local|169.254/16|*.169.254/16"/>
    <property name="sun.cpu.isalist" value=""/>
  </properties>
  <testcase classname="Provide User with correct information related to Calculator fields" name="When the User Clicks on information icon besides Current age the message related to Current age is displayed." time="11.402">
    <error message="TODO: implement me" type="io.cucumber.java.PendingException">io.cucumber.java.PendingException: TODO: implement me
	at kiwisaver.StepDefinitions.i_select_from_main_menu(StepDefinitions.java:36)
	at ✽.I select &quot;KiwiSaver Calculators&quot; from &quot;KiwiSaver&quot; main menu(classpath:kiwisaver/calculator_ui.feature:7)
</error>
    <system-out>
Scenario: When the User Clicks on information icon besides Current age the message related to Current age is displayed. &amp;#27;[90m# kiwisaver/calculator_ui.feature:5&amp;#27;[0m
  &amp;#27;[32mGiven &amp;#27;[0m&amp;#27;[32mI navigate to Westpac Home Page&amp;#27;[0m                                                                                 &amp;#27;[90m# kiwisaver.StepDefinitions.i_navigate_to_westpac_home_page()&amp;#27;[0m
  &amp;#27;[33mAnd &amp;#27;[0m&amp;#27;[33mI select &amp;#27;[0m&amp;#27;[33m&amp;#27;[1m&quot;KiwiSaver Calculators&quot;&amp;#27;[0m&amp;#27;[33m from &amp;#27;[0m&amp;#27;[33m&amp;#27;[1m&quot;KiwiSaver&quot;&amp;#27;[0m&amp;#27;[33m main menu&amp;#27;[0m                                                       &amp;#27;[90m# kiwisaver.StepDefinitions.i_select_from_main_menu(java.lang.String,java.lang.String)&amp;#27;[0m
      &amp;#27;[33mio.cucumber.java.PendingException: TODO: implement me
	at kiwisaver.StepDefinitions.i_select_from_main_menu(StepDefinitions.java:36)
	at ✽.I select &quot;KiwiSaver Calculators&quot; from &quot;KiwiSaver&quot; main menu(classpath:kiwisaver/calculator_ui.feature:7)
&amp;#27;[0m
  &amp;#27;[36mThen &amp;#27;[0m&amp;#27;[36mthe &amp;#27;[0m&amp;#27;[36m&amp;#27;[1m&quot;KiwiSaver Calculators&quot;&amp;#27;[0m&amp;#27;[36m page loads&amp;#27;[0m                                                                           &amp;#27;[90m# kiwisaver.StepDefinitions.the_page_loads(java.lang.String)&amp;#27;[0m
  &amp;#27;[36mAnd &amp;#27;[0m&amp;#27;[36mI click on &amp;#27;[0m&amp;#27;[36m&amp;#27;[1m&quot;Click here to get started.&quot;&amp;#27;[0m                                                                           &amp;#27;[90m# kiwisaver.StepDefinitions.i_click_on(java.lang.String)&amp;#27;[0m
  &amp;#27;[36mThen &amp;#27;[0m&amp;#27;[36mthe &amp;#27;[0m&amp;#27;[36m&amp;#27;[1m&quot;KiwiSaver Retirement Calculator&quot;&amp;#27;[0m&amp;#27;[36m page loads&amp;#27;[0m                                                                 &amp;#27;[90m# kiwisaver.StepDefinitions.the_page_loads(java.lang.String)&amp;#27;[0m
  &amp;#27;[36mAnd &amp;#27;[0m&amp;#27;[36mI click on information icon besides &amp;#27;[0m&amp;#27;[36m&amp;#27;[1m&quot;Current age&quot;&amp;#27;[0m&amp;#27;[36m field&amp;#27;[0m                                                           &amp;#27;[90m# kiwisaver.StepDefinitions.i_click_on_information_icon_besides_field(java.lang.String)&amp;#27;[0m
  &amp;#27;[36mThen &amp;#27;[0m&amp;#27;[36ma message: &amp;#27;[0m&amp;#27;[36m&amp;#27;[1m&quot;This calculator has an age limit of 18 to 64 years old.&quot;&amp;#27;[0m&amp;#27;[36m is displayed below the &amp;#27;[0m&amp;#27;[36m&amp;#27;[1m&quot;Current age&quot;&amp;#27;[0m&amp;#27;[36m field&amp;#27;[0m  &amp;#27;[90m# kiwisaver.StepDefinitions.a_message_is_displayed_below_the_field(java.lang.String,java.lang.String)&amp;#27;[0m
</system-out>
    <system-err>SLF4J: Failed to load class &quot;org.slf4j.impl.StaticLoggerBinder&quot;.
SLF4J: Defaulting to no-operation (NOP) logger implementation
SLF4J: See http://www.slf4j.org/codes.html#StaticLoggerBinder for further details.
Starting ChromeDriver 86.0.4240.22 (398b0743353ff36fb1b82468f63a3a93b4e2e89e-refs/branch-heads/4240@{#378}) on port 35800
Only local connections are allowed.
Please see https://chromedriver.chromium.org/security-considerations for suggestions on keeping ChromeDriver safe.
ChromeDriver was started successfully.
Nov 04, 2020 9:11:15 PM org.openqa.selenium.remote.ProtocolHandshake createSession
INFO: Detected dialect: W3C
</system-err>
  </testcase>
</testsuite>